[2016/03/10 09時28分14秒] Constructed window is bigger than terminal size
[2016/03/10 09時28分20秒] Constructed window is bigger than terminal size
[2016/04/02 23:45:37] Constructed window is bigger than terminal size
[2016/04/02 23:45:52] Constructed window is bigger than terminal size
[2016/04/12 08:53:26] Constructed window is bigger than terminal size
writeCommonTags: couldn't write 'year' tag to 'anime/anime_mix-beautiful_and_emotional.m4a' as it's not a positive integer
writeCommonTags: couldn't write 'track' tag to 'anime/anime_mix-beautiful_and_emotional.m4a' as it's not a positive integer
writeCommonTags: couldn't write 'year' tag to 'anime/anime_mix-beautiful_and_emotional.m4a' as it's not a positive integer
writeCommonTags: couldn't write 'track' tag to 'anime/anime_mix-beautiful_and_emotional.m4a' as it's not a positive integer
writeCommonTags: couldn't write 'year' tag to 'anime/sad_anime_music_collection_masterpiece.m4a' as it's not a positive integer
writeCommonTags: couldn't write 'track' tag to 'anime/sad_anime_music_collection_masterpiece.m4a' as it's not a positive integer
writeCommonTags: couldn't write 'year' tag to 'anime/anime_mix-beautiful_and_emotional.m4a' as it's not a positive integer
writeCommonTags: couldn't write 'track' tag to 'anime/anime_mix-beautiful_and_emotional.m4a' as it's not a positive integer
writeCommonTags: couldn't write 'year' tag to 'anime/sad_anime_music_collection_masterpiece.m4a' as it's not a positive integer
writeCommonTags: couldn't write 'track' tag to 'anime/sad_anime_music_collection_masterpiece.m4a' as it's not a positive integer
writeCommonTags: couldn't write 'year' tag to 'chillstep/BEST OF CHILLSTEP 2016 PART V [2 Hour Chillstep Mix].m4a' as it's not a positive integer
writeCommonTags: couldn't write 'track' tag to 'chillstep/BEST OF CHILLSTEP 2016 PART V [2 Hour Chillstep Mix].m4a' as it's not a positive integer
writeCommonTags: couldn't write 'year' tag to 'chillstep/BEST OF CHILLSTEP 2016 PART V [2 Hour Chillstep Mix].m4a' as it's not a positive integer
writeCommonTags: couldn't write 'track' tag to 'chillstep/BEST OF CHILLSTEP 2016 PART V [2 Hour Chillstep Mix].m4a' as it's not a positive integer
writeCommonTags: couldn't write 'year' tag to 'chillstep/best_of_chillstep_2016_V.m4a' as it's not a positive integer
writeCommonTags: couldn't write 'track' tag to 'chillstep/best_of_chillstep_2016_V.m4a' as it's not a positive integer
writeCommonTags: couldn't write 'year' tag to 'chillstep/best_of_chillstep_2016.m4a' as it's not a positive integer
writeCommonTags: couldn't write 'track' tag to 'chillstep/best_of_chillstep_2016.m4a' as it's not a positive integer
